$0000: $C45A:  C: goto $45B (RJMP)
$0001: $9518:  C: RETI
$0002: $9518:  C: RETI
$0003: $C2AB:  C: goto $2AF (RJMP)
$0004: $9518:  C: RETI
$0005: $C332:  C: goto $338 (RJMP)
$0006: $9518:  C: RETI
$0007: $C276:  C: goto $27E (RJMP)
$0008: $C289:  C: goto $292 (RJMP)
$0009: $9518:  C: RETI
$000A: $9518:  C: RETI
$000B: $9518:  C: RETI
$000C: $9518:  C: RETI
$000D: $9518:  C: RETI
$000E: $9518:  C: RETI
$000F: $9518:  C: RETI
$0010: $C04D:  C: goto $5E (RJMP)
$0011: $9518:  C: RETI
$0012: $9518:  C: RETI
$0013: $9518:  C: RETI
$0014: $9518:  C: RETI
$0015: $9518:  C: RETI
$0016: $9518:  C: RETI
$0017: $9518:  C: RETI
$0018: $C38A:  C: goto $3A3 (RJMP)
$0019: $9518:  C: RETI
*********   D:\POE-Personal\FromGit\MultiSwitch\Firmwares\DC4_v2\Wait.alg    ***********
-----          V: _Wait_ms_
               F: r16:Word ->  ...
$001A: $930F:     r16 ->
$001B: $931F:     r17 ->
-----          L: 
               F: (1000*CPU_Clock_Frequency/1000000-(9+8)-2)/4 -> r16:Word  ...
$001C: $EC0B:     $CB -> r16
$001D: $E017:     $07 -> r17
-----          L: 
               C: if (r16:Word --) then goto $001E ...
$001E: $5001:     r16 - $01
$001F: $4010:     r17 - $00 -
$0020: $F7E9:     if (Z=0) then goto $1E
$0021: $0000:  F: NOP (NOP)
-----          L: 
-----          L: 
-----          L: 
$0022: $0000:  F: NOP (NOP)
-----          L: 
               F: -> r16:Word  ...
$0023: $911F:     -> r17
$0024: $910F:     -> r16
-----          L: 
               F: r16:Word ->  ...
$0025: $930F:     r16 ->
$0026: $931F:     r17 ->
-----          L: 
               F: (1000*CPU_Clock_Frequency/1000000-(4+8)-2)/4 -> r16:Word  ...
$0027: $EC0C:     $CC -> r16
$0028: $E017:     $07 -> r17
-----          L: 
               C: if (r16:Word --) then goto $0029 ...
$0029: $5001:     r16 - $01
$002A: $4010:     r17 - $00 -
$002B: $F7E9:     if (Z=0) then goto $29
$002C: $0000:  F: NOP (NOP)
-----          L: 
-----          L: 
-----          L: 
$002D: $0000:  F: NOP (NOP)
-----          L: 
$002E: $0000:  F: NOP (NOP)
-----          L: 
               F: -> r16:Word  ...
$002F: $911F:     -> r17
$0030: $910F:     -> r16
               C: if (r16:Word --) then goto $0025 ...
$0031: $5001:     r16 - $01
$0032: $4010:     r17 - $00 -
$0033: $F789:     if (Z=0) then goto $25
$0034: $0000:  F: NOP (NOP)
$0035: $9508:  F: RET (ret)
*********   D:\POE-Personal\FromGit\MultiSwitch\Firmwares\DC4_v2\PWM.alg    ***********
-----          V: _PWM_Event_Cyclic_action
$0036: $932F:  F: r18 -> (Temp ->)
*********   D:\POE-Personal\FromGit\MultiSwitch\Firmwares\DC4_v2\main.alp    ***********
-----          L: 
-----          L: 
-----          L: 
-----          L: 
-----          L: 
$0037: $D084:  F: rcall $BC (_EX_Key_Cyclic_Call)
-----          L: 
-----          L: 
-----          L: 
$0038: $D2AC:  F: rcall $2E5 (_STimer_Cyclic_Call)
-----          L: 
-----          L: 
-----          L: 
-----          L: 
-----          L: 
-----          L: 
-----          L: 
-----          L: 
-----          L: 
-----          L: 
-----          L: 
-----          L: 
*********   D:\POE-Personal\FromGit\MultiSwitch\Firmwares\DC4_v2\PWM.alg    ***********
-----          L: 
-----          L: 
$0039: $912F:  F: -> r18 (-> Temp)
$003A: $9508:  F: RET (ret)
-----          V: _PWM_Init
-----          L: 
-----          L: 
$003B: $9A21:  F: 1 -> p$04.1 (1 -> DDR_PWM_0)
-----          L: 
-----          L: 
$003C: $9A23:  F: 1 -> p$04.3 (1 -> DDR_PWM_1)
-----          L: 
-----          L: 
$003D: $9A25:  F: 1 -> p$04.5 (1 -> DDR_PWM_2)
-----          L: 
-----          L: 
$003E: $9A39:  F: 1 -> p$07.1 (1 -> DDR_PWM_3)
-----          L: 
-----          L: 
$003F: $9A22:  F: 1 -> p$04.2 (1 -> DDR_PWM_4)
-----          L: 
-----          L: 
$0040: $9A24:  F: 1 -> p$04.4 (1 -> DDR_PWM_5)
-----          L: 
-----          L: 
$0041: $9A38:  F: 1 -> p$07.0 (1 -> DDR_PWM_6)
-----          L: 
-----          L: 
$0042: $9A3A:  F: 1 -> p$07.2 (1 -> DDR_PWM_7)
-----          L: 
-----          L: 
-----          L: 
-----          L: 
-----          L: 
-----          L: 
-----          L: 
-----          L: 
-----          L: 
-----          L: 
-----          L: 
-----          L: 
-----          L: 
-----          L: 
-----          L: 
-----          L: 
-----          L: 
-----          L: 
-----          L: 
$0043: $E003:  S: $03 -> r16 ($03->r16)
$0044: $BD04:  S: r16 -> p$24 (r16->TCCR0A)
$0045: $E00A:  S: $0A -> r16 ($0A->r16)
$0046: $BD05:  S: r16 -> p$25 (r16->TCCR0B)
               F: CPU_Clock_Frequency/PWM_FREQUENCY/8/256 -> OCR0A  ...
$0047: $E207:     $27 -> r16
$0048: $BD07:     r16 -> p$27
-----          L: 
$0049: $E001:  S: $01 -> r16 ($01->r16)
$004A: $9300:  S: r16 -> [$006E] (r16->TIMSK0)
$004B: $006E:  
               F: 1 -> TOIE0  ...
$004C: $9100:     [$006E] -> r16
$004D: $006E:  
$004E: $6001:     r16 ! $01
$004F: $9300:     r16 -> [$006E]
$0050: $006E:  
-----          L: 
$0051: $9508:  F: RET (ret)
-----          V: _PWM_All_Levels_Off
               F: Z ->  ...
$0052: $93EF:     r30 ->
$0053: $93FF:     r31 ->
$0054: $E000:  F: $00 -> r16 (0 -> r16)
$0055: $E018:  F: $08 -> r17 (PWM_LINE_NUMB -> r17)
               F: @PWM_Level -> Z  ...
$0056: $E0E0:     $00 -> r30
$0057: $E0F1:     $01 -> r31
-----          L: 
$0058: $9301:  F: r16 -> [Z++] (r16 -> [Z++])
               C: if (r17 --) then goto $0058 ...
$0059: $951A:     r17 --
$005A: $F7E9:     if (Z=0) then goto $58
               F: -> Z  ...
$005B: $91FF:     -> r31
$005C: $91EF:     -> r30
$005D: $9508:  F: RET (ret)
-----          V: Timer_0_Overflow
$005E: $930F:  F: r16 -> (r16 ->)
$005F: $931F:  F: r17 -> (r17 ->)
               F: SREG ->  ...
$0060: $B70F:     p$3F -> r16
$0061: $930F:     r16 ->
-----          L: 
-----          L: 
$0062: $9110:  F: [$0108] -> r17 (PWM_Pos -> r17)
$0063: $0108:  
$0064: $9513:  F: r17 ++ (r17 ++)
$0065: $9310:  F: r17 -> [$0108] (r17 -> PWM_Pos)
$0066: $0108:  
               C: if (r17 = 255) then goto $00A6 ...
$0067: $3F1F:     r17 = $FF
$0068: $F1E9:     if (Z=1) then goto $A6
-----          L: 
-----          L: 
-----          L: 
$0069: $9100:  F: [$0100] -> r16 (PWM_Level[0] -> r16)
$006A: $0100:  
$006B: $1710:  F: r17 = r16 (r17 = r16)
$006C: $F008:  C: if (C=1) then goto $6E (C = 0)
$006D: $9829:  F: 0 -> p$05.1 (0 -> Port_PWM_0)
$006E: $F408:  C: if (C=0) then goto $70 (C = 1)
$006F: $9A29:  F: 1 -> p$05.1 (1 -> Port_PWM_0)
-----          L: 
$0070: $9100:  F: [$0101] -> r16 (PWM_Level[1] -> r16)
$0071: $0101:  
$0072: $1710:  F: r17 = r16 (r17 = r16)
$0073: $F008:  C: if (C=1) then goto $75 (C = 0)
$0074: $982B:  F: 0 -> p$05.3 (0 -> Port_PWM_1)
$0075: $F408:  C: if (C=0) then goto $77 (C = 1)
$0076: $9A2B:  F: 1 -> p$05.3 (1 -> Port_PWM_1)
-----          L: 
$0077: $9100:  F: [$0102] -> r16 (PWM_Level[2] -> r16)
$0078: $0102:  
$0079: $1710:  F: r17 = r16 (r17 = r16)
$007A: $F008:  C: if (C=1) then goto $7C (C = 0)
$007B: $982D:  F: 0 -> p$05.5 (0 -> Port_PWM_2)
$007C: $F408:  C: if (C=0) then goto $7E (C = 1)
$007D: $9A2D:  F: 1 -> p$05.5 (1 -> Port_PWM_2)
-----          L: 
$007E: $9100:  F: [$0103] -> r16 (PWM_Level[3] -> r16)
$007F: $0103:  
$0080: $1710:  F: r17 = r16 (r17 = r16)
$0081: $F008:  C: if (C=1) then goto $83 (C = 0)
$0082: $9841:  F: 0 -> p$08.1 (0 -> Port_PWM_3)
$0083: $F408:  C: if (C=0) then goto $85 (C = 1)
$0084: $9A41:  F: 1 -> p$08.1 (1 -> Port_PWM_3)
-----          L: 
$0085: $9100:  F: [$0104] -> r16 (PWM_Level[4] -> r16)
$0086: $0104:  
$0087: $1710:  F: r17 = r16 (r17 = r16)
$0088: $F008:  C: if (C=1) then goto $8A (C = 0)
$0089: $982A:  F: 0 -> p$05.2 (0 -> Port_PWM_4)
$008A: $F408:  C: if (C=0) then goto $8C (C = 1)
$008B: $9A2A:  F: 1 -> p$05.2 (1 -> Port_PWM_4)
-----          L: 
$008C: $9100:  F: [$0105] -> r16 (PWM_Level[5] -> r16)
$008D: $0105:  
$008E: $1710:  F: r17 = r16 (r17 = r16)
$008F: $F008:  C: if (C=1) then goto $91 (C = 0)
$0090: $982C:  F: 0 -> p$05.4 (0 -> Port_PWM_5)
$0091: $F408:  C: if (C=0) then goto $93 (C = 1)
$0092: $9A2C:  F: 1 -> p$05.4 (1 -> Port_PWM_5)
-----          L: 
$0093: $9100:  F: [$0106] -> r16 (PWM_Level[6] -> r16)
$0094: $0106:  
$0095: $1710:  F: r17 = r16 (r17 = r16)
$0096: $F008:  C: if (C=1) then goto $98 (C = 0)
$0097: $9840:  F: 0 -> p$08.0 (0 -> Port_PWM_6)
$0098: $F408:  C: if (C=0) then goto $9A (C = 1)
$0099: $9A40:  F: 1 -> p$08.0 (1 -> Port_PWM_6)
-----          L: 
$009A: $9100:  F: [$0107] -> r16 (PWM_Level[7] -> r16)
$009B: $0107:  
$009C: $1710:  F: r17 = r16 (r17 = r16)
$009D: $F008:  C: if (C=1) then goto $9F (C = 0)
$009E: $9842:  F: 0 -> p$08.2 (0 -> Port_PWM_7)
$009F: $F408:  C: if (C=0) then goto $A1 (C = 1)
$00A0: $9A42:  F: 1 -> p$08.2 (1 -> Port_PWM_7)
-----          L: 
-----          L: 
-----          L: 
-----          L: 
-----          L: 
-----          L: 
-----          L: 
-----          L: 
-----          L: 
-----          L: 
-----          L: 
-----          L: 
               F: -> SREG  ...
$00A1: $910F:     -> r16
$00A2: $BF0F:     r16 -> p$3F
$00A3: $911F:  F: -> r17 (-> r17)
$00A4: $910F:  F: -> r16 (-> r16)
$00A5: $9518:  F: RETI (reti)
-----          V: 
$00A6: $DF8F:  F: rcall $36 (_PWM_Event_Cyclic_action)
-----          L: 
$00A7: $CFF9:  J: goto $A1 (RJMP)
*********   D:\POE-Personal\FromGit\MultiSwitch\Firmwares\DC4_v2\RND.alg    ***********
-----          V: _RND_Next
$00A8: $9100:  F: [$010B] -> r16 (RND -> r16)
$00A9: $010B:  
$00AA: $0F00:  F: << r16 (<<r16)
$00AB: $F02B:  C: if (V=1) then goto $B1 (V=1)
$00AC: $F00D:  C: if (H=1) then goto $AE (H=1)
-----          L: 
$00AD: $9503:  F: r16 ++ (r16++)
-----          L: 
$00AE: $9300:  F: r16 -> [$010B] (r16 -> RND)
$00AF: $010B:  
$00B0: $9508:  F: RET (ret)
-----          V: 
$00B1: $F3DD:  C: if (H=1) then goto $AD (H=1)
$00B2: $CFFB:  J: goto $AE (RJMP)
*********   D:\POE-Personal\FromGit\MultiSwitch\Firmwares\DC4_v2\EX_Key.alg    ***********
-----          V: _EX_Key_Init
$00B3: $9A28:  F: 1 -> p$05.0 (1 -> Port_EX_Key_0)
-----          L: 
$00B4: $9A5F:  F: 1 -> p$0B.7 (1 -> Port_EX_Key_1)
-----          L: 
$00B5: $9A5E:  F: 1 -> p$0B.6 (1 -> Port_EX_Key_2)
-----          L: 
$00B6: $9A5D:  F: 1 -> p$0B.5 (1 -> Port_EX_Key_3)
-----          L: 
$00B7: $9A2F:  F: 1 -> p$05.7 (1 -> Port_EX_Key_4)
-----          L: 
$00B8: $9A2E:  F: 1 -> p$05.6 (1 -> Port_EX_Key_5)
-----          L: 
$00B9: $9A5C:  F: 1 -> p$0B.4 (1 -> Port_EX_Key_6)
-----          L: 
$00BA: $9A5B:  F: 1 -> p$0B.3 (1 -> Port_EX_Key_7)
-----          L: 
-----          L: 
-----          L: 
-----          L: 
-----          L: 
-----          L: 
-----          L: 
-----          L: 
-----          L: 
-----          L: 
$00BB: $9508:  F: RET (ret)
-----          V: _EX_Key_Cyclic_Call
$00BC: $9100:  F: [$010C] -> r16 (EX_Key_Dreb_Cnt[0] -> r16)
$00BD: $010C:  
$00BE: $9918:  C: if (p$03.0=0 then SKIP (Pin_EX_Key_0 = 1)
$00BF: $C011:  C: goto $D1 (RJMP) (Pin_EX_Key_0 = 1)
               C: if (r16 = EX_KEY_DREB_ITER) then goto $00D9 ...
$00C0: $3004:     r16 = $04
$00C1: $F0B9:     if (Z=1) then goto $D9
$00C2: $9503:  F: r16 ++ (r16 ++)
$00C3: $9300:  F: r16 -> [$010C] (r16 -> EX_Key_Dreb_Cnt[0])
$00C4: $010C:  
               C: if (r16 -= EX_KEY_DREB_ITER) then goto $00D9 ...
$00C5: $3004:     r16 = $04
$00C6: $F491:     if (Z=0) then goto $D9
-----          L: 
$00C7: $D2B1:  F: rcall $379 (_r8_getAddress)
               C: if (r17 = #b00000111) then goto $00D0 ...
$00C8: $3017:     r17 = $07
$00C9: $F031:     if (Z=1) then goto $D0
$00CA: $9100:  F: [$0100] -> r16 ([@PWM_Level + RELEY_0] -> r16)
$00CB: $0100:  
$00CC: $9500:  F: | r16 (|r16)
$00CD: $9300:  F: r16 -> [$0100] (r16 -> [@PWM_Level + RELEY_0])
$00CE: $0100:  
$00CF: $6051:  F: r21 ! $01 (1 -> r8_status.0)
-----          L: 
-----          L: 
$00D0: $C008:  J: goto $D9 (RJMP)
-----          L: 
-----          L: 
               C: if (r16 = 0) then goto $00D9 ...
$00D1: $3000:     r16 = $00
$00D2: $F031:     if (Z=1) then goto $D9
               C: if (r16 -= EX_KEY_DREB_ITER) then goto $00D5 ...
$00D3: $3004:     r16 = $04
$00D4: $F401:     if (Z=0) then goto $D5
-----          L: 
-----          L: 
-----          L: 
               F: 0 -> EX_Key_Dreb_Cnt[0]  ...
$00D5: $E000:     $00 -> r16
$00D6: $9300:     r16 -> [$010C]
$00D7: $010C:  
$00D8: $C000:  J: goto $D9 (RJMP)
-----          L: 
-----          L: 
-----          L: 
-----          L: 
-----          L: End_EX_Test
-----          L: 
$00D9: $9100:  F: [$010D] -> r16 (EX_Key_Dreb_Cnt[1] -> r16)
$00DA: $010D:  
$00DB: $994F:  C: if (p$09.7=0 then SKIP (Pin_EX_Key_1 = 1)
$00DC: $C011:  C: goto $EE (RJMP) (Pin_EX_Key_1 = 1)
               C: if (r16 = EX_KEY_DREB_ITER) then goto $00F6 ...
$00DD: $3004:     r16 = $04
$00DE: $F0B9:     if (Z=1) then goto $F6
$00DF: $9503:  F: r16 ++ (r16 ++)
$00E0: $9300:  F: r16 -> [$010D] (r16 -> EX_Key_Dreb_Cnt[1])
$00E1: $010D:  
               C: if (r16 -= EX_KEY_DREB_ITER) then goto $00F6 ...
$00E2: $3004:     r16 = $04
$00E3: $F491:     if (Z=0) then goto $F6
-----          L: 
$00E4: $D294:  F: rcall $379 (_r8_getAddress)
               C: if (r17 = #b00000111) then goto $00ED ...
$00E5: $3017:     r17 = $07
$00E6: $F031:     if (Z=1) then goto $ED
$00E7: $9100:  F: [$0101] -> r16 ([@PWM_Level + RELEY_1] -> r16)
$00E8: $0101:  
$00E9: $9500:  F: | r16 (|r16)
$00EA: $9300:  F: r16 -> [$0101] (r16 -> [@PWM_Level + RELEY_1])
$00EB: $0101:  
$00EC: $6052:  F: r21 ! $02 (1 -> r8_status.1)
-----          L: 
-----          L: 
$00ED: $C008:  J: goto $F6 (RJMP)
-----          L: 
-----          L: 
               C: if (r16 = 0) then goto $00F6 ...
$00EE: $3000:     r16 = $00
$00EF: $F031:     if (Z=1) then goto $F6
               C: if (r16 -= EX_KEY_DREB_ITER) then goto $00F2 ...
$00F0: $3004:     r16 = $04
$00F1: $F401:     if (Z=0) then goto $F2
-----          L: 
-----          L: 
-----          L: 
               F: 0 -> EX_Key_Dreb_Cnt[1]  ...
$00F2: $E000:     $00 -> r16
$00F3: $9300:     r16 -> [$010D]
$00F4: $010D:  
$00F5: $C000:  J: goto $F6 (RJMP)
-----          L: 
-----          L: 
-----          L: 
-----          L: 
-----          L: End_EX_Test
-----          L: 
$00F6: $9100:  F: [$010E] -> r16 (EX_Key_Dreb_Cnt[2] -> r16)
$00F7: $010E:  
$00F8: $994E:  C: if (p$09.6=0 then SKIP (Pin_EX_Key_2 = 1)
$00F9: $C011:  C: goto $10B (RJMP) (Pin_EX_Key_2 = 1)
               C: if (r16 = EX_KEY_DREB_ITER) then goto $0113 ...
$00FA: $3004:     r16 = $04
$00FB: $F0B9:     if (Z=1) then goto $113
$00FC: $9503:  F: r16 ++ (r16 ++)
$00FD: $9300:  F: r16 -> [$010E] (r16 -> EX_Key_Dreb_Cnt[2])
$00FE: $010E:  
               C: if (r16 -= EX_KEY_DREB_ITER) then goto $0113 ...
$00FF: $3004:     r16 = $04
$0100: $F491:     if (Z=0) then goto $113
-----          L: 
$0101: $D277:  F: rcall $379 (_r8_getAddress)
               C: if (r17 = #b00000111) then goto $010A ...
$0102: $3017:     r17 = $07
$0103: $F031:     if (Z=1) then goto $10A
$0104: $9100:  F: [$0102] -> r16 ([@PWM_Level + RELEY_2] -> r16)
$0105: $0102:  
$0106: $9500:  F: | r16 (|r16)
$0107: $9300:  F: r16 -> [$0102] (r16 -> [@PWM_Level + RELEY_2])
$0108: $0102:  
$0109: $6054:  F: r21 ! $04 (1 -> r8_status.2)
-----          L: 
-----          L: 
$010A: $C008:  J: goto $113 (RJMP)
-----          L: 
-----          L: 
               C: if (r16 = 0) then goto $0113 ...
$010B: $3000:     r16 = $00
$010C: $F031:     if (Z=1) then goto $113
               C: if (r16 -= EX_KEY_DREB_ITER) then goto $010F ...
$010D: $3004:     r16 = $04
$010E: $F401:     if (Z=0) then goto $10F
-----          L: 
-----          L: 
-----          L: 
               F: 0 -> EX_Key_Dreb_Cnt[2]  ...
$010F: $E000:     $00 -> r16
$0110: $9300:     r16 -> [$010E]
$0111: $010E:  
$0112: $C000:  J: goto $113 (RJMP)
-----          L: 
-----          L: 
-----          L: 
-----          L: 
-----          L: End_EX_Test
-----          L: 
$0113: $9100:  F: [$010F] -> r16 (EX_Key_Dreb_Cnt[3] -> r16)
$0114: $010F:  
$0115: $994D:  C: if (p$09.5=0 then SKIP (Pin_EX_Key_3 = 1)
$0116: $C011:  C: goto $128 (RJMP) (Pin_EX_Key_3 = 1)
               C: if (r16 = EX_KEY_DREB_ITER) then goto $0130 ...
$0117: $3004:     r16 = $04
$0118: $F0B9:     if (Z=1) then goto $130
$0119: $9503:  F: r16 ++ (r16 ++)
$011A: $9300:  F: r16 -> [$010F] (r16 -> EX_Key_Dreb_Cnt[3])
$011B: $010F:  
               C: if (r16 -= EX_KEY_DREB_ITER) then goto $0130 ...
$011C: $3004:     r16 = $04
$011D: $F491:     if (Z=0) then goto $130
-----          L: 
$011E: $D25A:  F: rcall $379 (_r8_getAddress)
               C: if (r17 = #b00000111) then goto $0127 ...
$011F: $3017:     r17 = $07
$0120: $F031:     if (Z=1) then goto $127
$0121: $9100:  F: [$0103] -> r16 ([@PWM_Level + RELEY_3] -> r16)
$0122: $0103:  
$0123: $9500:  F: | r16 (|r16)
$0124: $9300:  F: r16 -> [$0103] (r16 -> [@PWM_Level + RELEY_3])
$0125: $0103:  
$0126: $6058:  F: r21 ! $08 (1 -> r8_status.3)
-----          L: 
-----          L: 
$0127: $C008:  J: goto $130 (RJMP)
-----          L: 
-----          L: 
               C: if (r16 = 0) then goto $0130 ...
$0128: $3000:     r16 = $00
$0129: $F031:     if (Z=1) then goto $130
               C: if (r16 -= EX_KEY_DREB_ITER) then goto $012C ...
$012A: $3004:     r16 = $04
$012B: $F401:     if (Z=0) then goto $12C
-----          L: 
-----          L: 
-----          L: 
               F: 0 -> EX_Key_Dreb_Cnt[3]  ...
$012C: $E000:     $00 -> r16
$012D: $9300:     r16 -> [$010F]
$012E: $010F:  
$012F: $C000:  J: goto $130 (RJMP)
-----          L: 
-----          L: 
-----          L: 
-----          L: 
-----          L: End_EX_Test
-----          L: 
$0130: $9100:  F: [$0110] -> r16 (EX_Key_Dreb_Cnt[4] -> r16)
$0131: $0110:  
$0132: $991F:  C: if (p$03.7=0 then SKIP (Pin_EX_Key_4 = 1)
$0133: $C011:  C: goto $145 (RJMP) (Pin_EX_Key_4 = 1)
               C: if (r16 = EX_KEY_DREB_ITER) then goto $014D ...
$0134: $3004:     r16 = $04
$0135: $F0B9:     if (Z=1) then goto $14D
$0136: $9503:  F: r16 ++ (r16 ++)
$0137: $9300:  F: r16 -> [$0110] (r16 -> EX_Key_Dreb_Cnt[4])
$0138: $0110:  
               C: if (r16 -= EX_KEY_DREB_ITER) then goto $014D ...
$0139: $3004:     r16 = $04
$013A: $F491:     if (Z=0) then goto $14D
-----          L: 
$013B: $D23D:  F: rcall $379 (_r8_getAddress)
               C: if (r17 = #b00000111) then goto $0144 ...
$013C: $3017:     r17 = $07
$013D: $F031:     if (Z=1) then goto $144
$013E: $9100:  F: [$0104] -> r16 ([@PWM_Level + RELEY_4] -> r16)
$013F: $0104:  
$0140: $9500:  F: | r16 (|r16)
$0141: $9300:  F: r16 -> [$0104] (r16 -> [@PWM_Level + RELEY_4])
$0142: $0104:  
$0143: $6150:  F: r21 ! $10 (1 -> r8_status.4)
-----          L: 
-----          L: 
$0144: $C008:  J: goto $14D (RJMP)
-----          L: 
-----          L: 
               C: if (r16 = 0) then goto $014D ...
$0145: $3000:     r16 = $00
$0146: $F031:     if (Z=1) then goto $14D
               C: if (r16 -= EX_KEY_DREB_ITER) then goto $0149 ...
$0147: $3004:     r16 = $04
$0148: $F401:     if (Z=0) then goto $149
-----          L: 
-----          L: 
-----          L: 
               F: 0 -> EX_Key_Dreb_Cnt[4]  ...
$0149: $E000:     $00 -> r16
$014A: $9300:     r16 -> [$0110]
$014B: $0110:  
$014C: $C000:  J: goto $14D (RJMP)
-----          L: 
-----          L: 
-----          L: 
-----          L: 
-----          L: End_EX_Test
-----          L: 
$014D: $9100:  F: [$0111] -> r16 (EX_Key_Dreb_Cnt[5] -> r16)
$014E: $0111:  
$014F: $991E:  C: if (p$03.6=0 then SKIP (Pin_EX_Key_5 = 1)
$0150: $C011:  C: goto $162 (RJMP) (Pin_EX_Key_5 = 1)
               C: if (r16 = EX_KEY_DREB_ITER) then goto $016A ...
$0151: $3004:     r16 = $04
$0152: $F0B9:     if (Z=1) then goto $16A
$0153: $9503:  F: r16 ++ (r16 ++)
$0154: $9300:  F: r16 -> [$0111] (r16 -> EX_Key_Dreb_Cnt[5])
$0155: $0111:  
               C: if (r16 -= EX_KEY_DREB_ITER) then goto $016A ...
$0156: $3004:     r16 = $04
$0157: $F491:     if (Z=0) then goto $16A
-----          L: 
$0158: $D220:  F: rcall $379 (_r8_getAddress)
               C: if (r17 = #b00000111) then goto $0161 ...
$0159: $3017:     r17 = $07
$015A: $F031:     if (Z=1) then goto $161
$015B: $9100:  F: [$0105] -> r16 ([@PWM_Level + RELEY_5] -> r16)
$015C: $0105:  
$015D: $9500:  F: | r16 (|r16)
$015E: $9300:  F: r16 -> [$0105] (r16 -> [@PWM_Level + RELEY_5])
$015F: $0105:  
$0160: $6250:  F: r21 ! $20 (1 -> r8_status.5)
-----          L: 
-----          L: 
$0161: $C008:  J: goto $16A (RJMP)
-----          L: 
-----          L: 
               C: if (r16 = 0) then goto $016A ...
$0162: $3000:     r16 = $00
$0163: $F031:     if (Z=1) then goto $16A
               C: if (r16 -= EX_KEY_DREB_ITER) then goto $0166 ...
$0164: $3004:     r16 = $04
$0165: $F401:     if (Z=0) then goto $166
-----          L: 
-----          L: 
-----          L: 
               F: 0 -> EX_Key_Dreb_Cnt[5]  ...
$0166: $E000:     $00 -> r16
$0167: $9300:     r16 -> [$0111]
$0168: $0111:  
$0169: $C000:  J: goto $16A (RJMP)
-----          L: 
-----          L: 
-----          L: 
-----          L: 
-----          L: End_EX_Test
-----          L: 
$016A: $9100:  F: [$0112] -> r16 (EX_Key_Dreb_Cnt[6] -> r16)
$016B: $0112:  
$016C: $994C:  C: if (p$09.4=0 then SKIP (Pin_EX_Key_6 = 1)
$016D: $C011:  C: goto $17F (RJMP) (Pin_EX_Key_6 = 1)
               C: if (r16 = EX_KEY_DREB_ITER) then goto $0187 ...
$016E: $3004:     r16 = $04
$016F: $F0B9:     if (Z=1) then goto $187
$0170: $9503:  F: r16 ++ (r16 ++)
$0171: $9300:  F: r16 -> [$0112] (r16 -> EX_Key_Dreb_Cnt[6])
$0172: $0112:  
               C: if (r16 -= EX_KEY_DREB_ITER) then goto $0187 ...
$0173: $3004:     r16 = $04
$0174: $F491:     if (Z=0) then goto $187
-----          L: 
$0175: $D203:  F: rcall $379 (_r8_getAddress)
               C: if (r17 = #b00000111) then goto $017E ...
$0176: $3017:     r17 = $07
$0177: $F031:     if (Z=1) then goto $17E
$0178: $9100:  F: [$0106] -> r16 ([@PWM_Level + RELEY_6] -> r16)
$0179: $0106:  
$017A: $9500:  F: | r16 (|r16)
$017B: $9300:  F: r16 -> [$0106] (r16 -> [@PWM_Level + RELEY_6])
$017C: $0106:  
$017D: $6450:  F: r21 ! $40 (1 -> r8_status.6)
-----          L: 
-----          L: 
$017E: $C008:  J: goto $187 (RJMP)
-----          L: 
-----          L: 
               C: if (r16 = 0) then goto $0187 ...
$017F: $3000:     r16 = $00
$0180: $F031:     if (Z=1) then goto $187
               C: if (r16 -= EX_KEY_DREB_ITER) then goto $0183 ...
$0181: $3004:     r16 = $04
$0182: $F401:     if (Z=0) then goto $183
-----          L: 
-----          L: 
-----          L: 
               F: 0 -> EX_Key_Dreb_Cnt[6]  ...
$0183: $E000:     $00 -> r16
$0184: $9300:     r16 -> [$0112]
$0185: $0112:  
$0186: $C000:  J: goto $187 (RJMP)
-----          L: 
-----          L: 
-----          L: 
-----          L: 
-----          L: End_EX_Test
-----          L: 
$0187: $9100:  F: [$0113] -> r16 (EX_Key_Dreb_Cnt[7] -> r16)
$0188: $0113:  
$0189: $994B:  C: if (p$09.3=0 then SKIP (Pin_EX_Key_7 = 1)
$018A: $C011:  C: goto $19C (RJMP) (Pin_EX_Key_7 = 1)
               C: if (r16 = EX_KEY_DREB_ITER) then goto $01A4 ...
$018B: $3004:     r16 = $04
$018C: $F0B9:     if (Z=1) then goto $1A4
$018D: $9503:  F: r16 ++ (r16 ++)
$018E: $9300:  F: r16 -> [$0113] (r16 -> EX_Key_Dreb_Cnt[7])
$018F: $0113:  
               C: if (r16 -= EX_KEY_DREB_ITER) then goto $01A4 ...
$0190: $3004:     r16 = $04
$0191: $F491:     if (Z=0) then goto $1A4
-----          L: 
$0192: $D1E6:  F: rcall $379 (_r8_getAddress)
               C: if (r17 = #b00000111) then goto $019B ...
$0193: $3017:     r17 = $07
$0194: $F031:     if (Z=1) then goto $19B
$0195: $9100:  F: [$0107] -> r16 ([@PWM_Level + RELEY_7] -> r16)
$0196: $0107:  
$0197: $9500:  F: | r16 (|r16)
$0198: $9300:  F: r16 -> [$0107] (r16 -> [@PWM_Level + RELEY_7])
$0199: $0107:  
$019A: $6850:  F: r21 ! $80 (1 -> r8_status.7)
-----          L: 
-----          L: 
$019B: $C008:  J: goto $1A4 (RJMP)
-----          L: 
-----          L: 
               C: if (r16 = 0) then goto $01A4 ...
$019C: $3000:     r16 = $00
$019D: $F031:     if (Z=1) then goto $1A4
               C: if (r16 -= EX_KEY_DREB_ITER) then goto $01A0 ...
$019E: $3004:     r16 = $04
$019F: $F401:     if (Z=0) then goto $1A0
-----          L: 
-----          L: 
-----          L: 
               F: 0 -> EX_Key_Dreb_Cnt[7]  ...
$01A0: $E000:     $00 -> r16
$01A1: $9300:     r16 -> [$0113]
$01A2: $0113:  
$01A3: $C000:  J: goto $1A4 (RJMP)
-----          L: 
-----          L: 
-----          L: 
-----          L: 
-----          L: End_EX_Test
-----          L: 
-----          L: 
-----          L: 
-----          L: 
-----          L: 
-----          L: 
-----          L: 
-----          L: 
-----          L: 
-----          L: 
$01A4: $9508:  F: RET (ret)
*********   D:\POE-Personal\FromGit\MultiSwitch\Firmwares\DC4_v2\UARTs.alg    ***********
-----          V: _UARTs_Event_Transmit_Buffer_Empty
-----          L: 
-----          L: 
$01A5: $9508:  F: RET (RET)
-----          V: _UARTs_Event_Received_string
-----          L: 
-----          L: 
-----          L: 
-----          L: 
$01A6: $9508:  F: RET (RET)
-----          V: _UARTs_Event_Transmit_Buffer_Overflow
-----          L: 
-----          L: 
$01A7: $9508:  F: RET (RET)
-----          V: _UARTs_Event_Received_byte
$01A8: $930F:  F: r16 -> (r16 ->)
-----          L: 
-----          L: 
$01A9: $910F:  F: -> r16 (-> r16)
$01AA: $9508:  F: RET (RET)
-----          V: _UARTs_Flush_Transmit_Buffer
               F: @UARTs_Transmit_Buffer -> UARTs_Transmit_IN_Buffer_Pointer  ...
$01AB: $E309:     $39 -> r16
$01AC: $9300:     r16 -> [$0159]
$01AD: $0159:  
$01AE: $E001:     $01 -> r16
$01AF: $9300:     r16 -> [$015A]
$01B0: $015A:  
               F: @UARTs_Transmit_Buffer -> UARTs_Transmit_OUT_Buffer_Pointer  ...
$01B1: $E309:     $39 -> r16
$01B2: $9300:     r16 -> [$015B]
$01B3: $015B:  
$01B4: $E001:     $01 -> r16
$01B5: $9300:     r16 -> [$015C]
$01B6: $015C:  
$01B7: $9508:  F: RET (RET)
-----          V: _UARTs_Flush_Receive_Buffer
               F: @UARTs_Receive_Buffer -> UARTs_Receive_Buffer_Pointer  ...
$01B8: $E105:     $15 -> r16
$01B9: $9300:     r16 -> [$0136]
$01BA: $0136:  
$01BB: $E001:     $01 -> r16
$01BC: $9300:     r16 -> [$0137]
$01BD: $0137:  
               F: 0 -> UARTs_Receive_Pac_Counter  ...
$01BE: $E000:     $00 -> r16
$01BF: $9300:     r16 -> [$0138]
$01C0: $0138:  
-----          L: 
$01C1: $9508:  F: RET (RET)
-----          V: _UARTs_Init
-----          L: 
-----          L: 
$01C2: $DFE8:  F: rcall $1AB (_UARTs_Flush_Transmit_Buffer)
$01C3: $DFF4:  F: rcall $1B8 (_UARTs_Flush_Receive_Buffer)
-----          L: 
$01C4: $9508:  F: RET (RET)
-----          V: _UARTs_Byte_Receive_Complete
-----          L: 
-----          L: 
$01C5: $DFE2:  F: rcall $1A8 (_UARTs_Event_Received_byte)
-----          L: 
$01C6: $D001:  F: rcall $1C8 (_UARTs_Fill_Receive_Buffer)
-----          L: 
-----          L: 
-----          L: 
-----          L: 
$01C7: $9508:  F: RET (RET)
-----          V: _UARTs_Fill_Receive_Buffer
-----          L: 
-----          L: 
-----          L: 
               F: Z ->  ...
$01C8: $93EF:     r30 ->
$01C9: $93FF:     r31 ->
               F: UARTs_Receive_Buffer_Pointer -> Z  ...
$01CA: $91E0:     [$0136] -> r30
$01CB: $0136:  
$01CC: $91F0:     [$0137] -> r31
$01CD: $0137:  
$01CE: $9301:  F: r16 -> [Z++] (r16 -> [Z++])
-----          L: 
-----          L: 
-----          L: 
-----          L: 
-----          L: 
               F: UARTs_Receive_Pac_Counter++  ...
$01CF: $9100:     [$0138] -> r16
$01D0: $0138:  
$01D1: $9503:     r16 ++
$01D2: $9300:     r16 -> [$0138]
$01D3: $0138:  
               C: if (r16 = UARTs_PAC_SIZE) then goto $01DA ...
$01D4: $3100:     r16 = $10
$01D5: $F021:     if (Z=1) then goto $1DA
-----          L: 
-----          L: 
               C: if (Z < @UARTs_Receive_Buffer + UARTs_IN_BUFFER_SIZE) then goto $01E2 ...
$01D6: $33E5:     r30 = $35
$01D7: $E011:     $01 -> r17
$01D8: $07F1:     r31 = r17=
$01D9: $F040:     if ( < ) then goto $1E2
-----          L: 
               F: UARTs_EOS_BUFFER_CHAR -> [Z]  ...
$01DA: $E000:     $00 -> r16
$01DB: $8300:     r16 -> [Z+$00]
-----          L: 
$01DC: $DFC9:  F: rcall $1A6 (_UARTs_Event_Received_string)
-----          L: 
               F: @UARTs_Receive_Buffer -> Z  ...
$01DD: $E1E5:     $15 -> r30
$01DE: $E0F1:     $01 -> r31
               F: 0 -> UARTs_Receive_Pac_Counter  ...
$01DF: $E000:     $00 -> r16
$01E0: $9300:     r16 -> [$0138]
$01E1: $0138:  
-----          L: 
-----          L: 
               F: Z -> UARTs_Receive_Buffer_Pointer  ...
$01E2: $93E0:     r30 -> [$0136]
$01E3: $0136:  
$01E4: $93F0:     r31 -> [$0137]
$01E5: $0137:  
               F: -> Z  ...
$01E6: $91FF:     -> r31
$01E7: $91EF:     -> r30
-----          L: 
$01E8: $9508:  F: RET (RET)
-----          V: _UARTs_PUSH_r16
-----          L: 
-----          L: 
$01E9: $9300:  F: r16 -> [$015F] (r16 -> UARTs_r16_temp)
$01EA: $015F:  
               F: SREG ->  ...
$01EB: $B70F:     p$3F -> r16
$01EC: $930F:     r16 ->
               F: Z ->  ...
$01ED: $93EF:     r30 ->
$01EE: $93FF:     r31 ->
-----          L: 
$01EF: $94F8:  F: 0 -> I (0 -> I)
-----          L: 
               F: UARTs_Transmit_IN_Buffer_Pointer -> Z  ...
$01F0: $91E0:     [$0159] -> r30
$01F1: $0159:  
$01F2: $91F0:     [$015A] -> r31
$01F3: $015A:  
-----          L: 
$01F4: $9631:  F: r30,r31 + $01 (Z + 1)
               C: if (Z >= @UARTs_Transmit_Buffer + UARTs_OUT_BUFFER_SIZE) then goto $01FB ...
$01F5: $35E9:     r30 = $59
$01F6: $E011:     $01 -> r17
$01F7: $07F1:     r31 = r17=
$01F8: $F010:     if ( < ) then goto $1FB
               F: @UARTs_Transmit_Buffer -> Z  ...
$01F9: $E3E9:     $39 -> r30
$01FA: $E0F1:     $01 -> r31
-----          L: 
               C: if (Z -= UARTs_Transmit_OUT_Buffer_Pointer) then goto $0203 ...
$01FB: $9110:     [$015B] -> r17
$01FC: $015B:  
$01FD: $17E1:     r30 = r17
$01FE: $9110:     [$015C] -> r17
$01FF: $015C:  
$0200: $07F1:     r31 = r17=
$0201: $F409:     if (Z=0) then goto $203
$0202: $DFA4:  F: rcall $1A7 (_UARTs_Event_Transmit_Buffer_Overflow)
-----          L: 
-----          L: 
               F: UARTs_r16_temp -> [Z]  ...
$0203: $9100:     [$015F] -> r16
$0204: $015F:  
$0205: $8300:     r16 -> [Z+$00]
               F: Z -> UARTs_Transmit_IN_Buffer_Pointer  ...
$0206: $93E0:     r30 -> [$0159]
$0207: $0159:  
$0208: $93F0:     r31 -> [$015A]
$0209: $015A:  
-----          L: 
$020A: $D025:  F: rcall $230 (_UARTs_POP_and_Send_Byte)
-----          L: 
-----          L: 
               F: -> Z  ...
$020B: $91FF:     -> r31
$020C: $91EF:     -> r30
               F: -> SREG  ...
$020D: $910F:     -> r16
$020E: $BF0F:     r16 -> p$3F
$020F: $9100:  F: [$015F] -> r16 (UARTs_r16_temp -> r16)
$0210: $015F:  
-----          L: 
$0211: $9508:  F: RET (RET)
-----          V: _UARTs_Test_Transmit_Buffer
               F: Z ->  ...
$0212: $93EF:     r30 ->
$0213: $93FF:     r31 ->
               F: UARTs_Transmit_OUT_Buffer_Pointer -> Z  ...
$0214: $91E0:     [$015B] -> r30
$0215: $015B:  
$0216: $91F0:     [$015C] -> r31
$0217: $015C:  
               F: Z - UARTs_Transmit_IN_Buffer_Pointer  ...
$0218: $9110:     [$0159] -> r17
$0219: $0159:  
$021A: $1BE1:     r30 - r17
$021B: $9110:     [$015A] -> r17
$021C: $015A:  
$021D: $0BF1:     r31 - r17 -
               C: if (Z >= UARTs_OUT_BUFFER_SIZE) then goto $0228 ...
$021E: $32E0:     r30 = $20
$021F: $E010:     $00 -> r17
$0220: $07F1:     r31 = r17=
$0221: $F030:     if ( < ) then goto $228
               F: -Z  ...
$0222: $E000:     $00 -> r16
$0223: $1B0E:     r16 - r30
$0224: $2FE0:     r16 -> r30
$0225: $E000:     $00 -> r16
$0226: $0B0F:     r16 - r31 -
$0227: $2FF0:     r16 -> r31
$0228: $2F0E:  F: r30 -> r16 (ZL -> r16)
               C: if (ZH > 0) then goto $022D ...
$0229: $E000:     $00 -> r16
$022A: $170F:     r16 = r31
$022B: $F408:     if ( >= ) then goto $22D
$022C: $EF0F:  F: $FF -> r16 (255 -> r16)
               F: -> Z  ...
$022D: $91FF:     -> r31
$022E: $91EF:     -> r30
-----          L: 
$022F: $9508:  F: RET (RET)
-----          V: _UARTs_POP_and_Send_Byte
               F: Z ->  ...
$0230: $93EF:     r30 ->
$0231: $93FF:     r31 ->
               F: UARTs_Transmit_OUT_Buffer_Pointer -> Z  ...
$0232: $91E0:     [$015B] -> r30
$0233: $015B:  
$0234: $91F0:     [$015C] -> r31
$0235: $015C:  
               C: if (Z = UARTs_Transmit_IN_Buffer_Pointer) then goto $024E ...
$0236: $9110:     [$0159] -> r17
$0237: $0159:  
$0238: $17E1:     r30 = r17
$0239: $9110:     [$015A] -> r17
$023A: $015A:  
$023B: $07F1:     r31 = r17=
$023C: $F089:     if (Z=1) then goto $24E
$023D: $9631:  F: r30,r31 + $01 (Z + 1)
               C: if (Z >= @UARTs_Transmit_Buffer + UARTs_OUT_BUFFER_SIZE) then goto $0244 ...
$023E: $35E9:     r30 = $59
$023F: $E011:     $01 -> r17
$0240: $07F1:     r31 = r17=
$0241: $F010:     if ( < ) then goto $244
               F: @UARTs_Transmit_Buffer -> Z  ...
$0242: $E3E9:     $39 -> r30
$0243: $E0F1:     $01 -> r31
               F: [Z] -> UDR0  ...
$0244: $8100:     [Z+$00] -> r16
$0245: $9300:     r16 -> [$00C6]
$0246: $00C6:  
               F: Z -> UARTs_Transmit_OUT_Buffer_Pointer  ...
$0247: $93E0:     r30 -> [$015B]
$0248: $015B:  
$0249: $93F0:     r31 -> [$015C]
$024A: $015C:  
               F: -> Z  ...
$024B: $91FF:     -> r31
$024C: $91EF:     -> r30
$024D: $9508:  F: RET (RET)
-----          L: 
$024E: $DF56:  F: rcall $1A5 (_UARTs_Event_Transmit_Buffer_Empty)
               F: -> Z  ...
$024F: $91FF:     -> r31
$0250: $91EF:     -> r30
-----          L: 
$0251: $9508:  F: RET (RET)
-----          V: Reset11
$0252: $E000:  S: $00 -> r16 ($00->r16)
$0253: $9300:  S: r16 -> [$00B0] (r16->TCCR2A)
$0254: $00B0:  
$0255: $9300:  S: r16 -> [$00B1] (r16->TCCR2B)
$0256: $00B1:  
$0257: $E006:  S: $06 -> r16 ($06->r16)
$0258: $9300:  S: r16 -> [$0070] (r16->TIMSK2)
$0259: $0070:  
               F: Bit_Width -> OCR0A  ...
$025A: $E70C:     $7C -> r16
$025B: $BD07:     r16 -> p$27
$025C: $E001:  S: $01 -> r16 ($01->r16)
$025D: $9300:  S: r16 -> [$0068] (r16->PCICR)
$025E: $0068:  
$025F: $E100:  S: $10 -> r16 ($10->r16)
$0260: $9300:  S: r16 -> [$006B] (r16->PCMSK0)
$0261: $006B:  
$0262: $9A23:  F: 1 -> p$04.3 (1 -> DDRB.3)
$0263: $9A2B:  F: 1 -> p$05.3 (1 -> PortB.3)
$0264: $9A2C:  F: 1 -> p$05.4 (1 -> PortB.4)
$0265: $E04B:  F: $0B -> r20 (11 -> UARTs_Tx_Count)
$0266: $E02B:  F: $0B -> r18 (11 -> UARTs_Rx_Count)
$0267: $9478:  F: 1 -> I (1 -> I)
-----          L: 
$0268: $D00C:  F: rcall $275 (GetByte)
               C: if (r16 = 157) then goto $0268 ...
$0269: $390D:     r16 = $9D
$026A: $F3E9:     if (Z=1) then goto $268
-----          L: 
-----          L: 
-----          L: 
               C: if (r16 < 97) then goto $0270 ...
$026B: $3601:     r16 = $61
$026C: $F018:     if ( < ) then goto $270
               C: if (r16 >= 121) then goto $0270 ...
$026D: $3709:     r16 = $79
$026E: $F408:     if ( >= ) then goto $270
$026F: $5200:  F: r16 - $20 (r16 - 32)
-----          L: 
-----          L: 
-----          L: 
               C: if (UARTs_Tx_Count < 10) then goto $0270 ...
$0270: $304A:     r20 = $0A
$0271: $F3F0:     if ( < ) then goto $270
$0272: $2F50:  F: r16 -> r21 (r16 -> UARTs_Tx_Byte)
$0273: $E040:  F: $00 -> r20 (0 -> UARTs_Tx_Count)
$0274: $CFF3:  J: goto $268 (RJMP)
-----          V: GetByte
-----          L: 
-----          L: 
               C: if (UARTs_Rx_Count -= 11) then goto $0279 ...
$0275: $302B:     r18 = $0B
$0276: $F411:     if (Z=0) then goto $279
$0277: $E90D:  F: $9D -> r16 (157 -> r16)
-----          L: 
-----          L: 
$0278: $9508:  F: RET (ret)
-----          L: 
               C: if (UARTs_Rx_Count < 10) then goto $0279 ...
$0279: $302A:     r18 = $0A
$027A: $F3F0:     if ( < ) then goto $279
$027B: $2F03:  F: r19 -> r16 (UARTs_Rx_Byte -> r16)
$027C: $E02B:  F: $0B -> r18 (11 -> UARTs_Rx_Count)
$027D: $9508:  F: RET (ret)
-----          V: Timer_2_Compare_Match_A
$027E: $930F:  F: r16 -> (r16 ->)
               F: SREG ->  ...
$027F: $B70F:     p$3F -> r16
$0280: $930F:     r16 ->
-----          L: 
               C: if (UARTs_Tx_Count >= 10) then goto $028E ...
$0281: $304A:     r20 = $0A
$0282: $F458:     if ( >= ) then goto $28E
-----          L: 
               C: if (UARTs_Tx_Count -= 0) then goto $0287 ...
$0283: $3040:     r20 = $00
$0284: $F411:     if (Z=0) then goto $287
$0285: $982B:  F: 0 -> p$05.3 (0 -> UARTs_Port_TxD)
$0286: $C006:  J: goto $28D (RJMP)
-----          L: 
-----          L: 
               F: UARTs_Tx_Byte.0 -> UARTs_Port_TxD  ...
$0287: $FB50:     r21.0 -> T
$0288: $B105:     p$05 -> r16
$0289: $F903:     T -> r16.3
$028A: $B905:     r16 -> p$05
$028B: $9408:  F: 1 -> .C (1 -> C)
$028C: $9557:  F: > r21 >> (> UARTs_Tx_Byte >>)
-----          L: 
$028D: $9543:  F: r20 ++ (UARTs_Tx_Count ++)
-----          L: 
-----          L: 
-----          L: 
-----          L: 
               F: -> SREG  ...
$028E: $910F:     -> r16
$028F: $BF0F:     r16 -> p$3F
$0290: $910F:  F: -> r16 (-> r16)
$0291: $9518:  F: RETI (RETI)
-----          V: Timer_2_Compare_Match_B
-----          L: 
-----          L: 
$0292: $930F:  F: r16 -> (r16 ->)
               F: SREG ->  ...
$0293: $B70F:     p$3F -> r16
$0294: $930F:     r16 ->
               C: if (UARTs_Rx_Count >= 10) then goto $02AB ...
$0295: $302A:     r18 = $0A
$0296: $F4A0:     if ( >= ) then goto $2AB
-----          L: 
               C: if (UARTs_Rx_Count -= 0) then goto $029B ...
$0297: $3020:     r18 = $00
$0298: $F411:     if (Z=0) then goto $29B
-----          L: 
$0299: $991C:  C: if (p$03.4=0 then SKIP (UARTs_Pin_RxD = 1)
$029A: $C00A:  C: goto $2A5 (RJMP) (UARTs_Pin_RxD = 1)
-----          L: 
-----          L: 
               C: if (UARTs_Rx_Count > 8) then goto $02A3 ...
$029B: $E008:     $08 -> r16
$029C: $1702:     r16 = r18
$029D: $F028:     if ( < ) then goto $2A3
-----          L: 
$029E: $9536:  F: r19 >> (UARTs_Rx_Byte >>)
               F: UARTs_Pin_RxD -> UARTs_Rx_Byte.7  ...
$029F: $B103:     p$03 -> r16
$02A0: $FB04:     r16.4 -> T
$02A1: $F937:     T -> r19.7
$02A2: $C007:  J: goto $2AA (RJMP)
-----          L: 
-----          L: 
-----          L: 
$02A3: $991C:  C: if (p$03.4=0 then SKIP (UARTs_Pin_RxD = 1)
$02A4: $C002:  C: goto $2A7 (RJMP) (UARTs_Pin_RxD = 1)
-----          L: 
-----          L: 
$02A5: $E93E:  F: $9E -> r19 (158 -> UARTs_Rx_Byte)
$02A6: $E029:  F: $09 -> r18 (9 -> UARTs_Rx_Count)
-----          L: 
-----          L: 
$02A7: $E000:  S: $00 -> r16 ($00->r16)
$02A8: $BB0C:  S: r16 -> p$1C (r16->EIFR)
$02A9: $BB0D:  S: r16 -> p$1D (r16->EIMSK)
-----          L: 
$02AA: $9523:  F: r18 ++ (UARTs_Rx_Count ++)
-----          L: 
               F: -> SREG  ...
$02AB: $910F:     -> r16
$02AC: $BF0F:     r16 -> p$3F
$02AD: $910F:  F: -> r16 (-> r16)
$02AE: $9518:  F: RETI (RETI)
-----          V: Pin_Change_0
$02AF: $930F:  F: r16 -> (r16 ->)
               F: SREG ->  ...
$02B0: $B70F:     p$3F -> r16
$02B1: $930F:     r16 ->
-----          L: 
-----          L: 
$02B2: $E000:  S: $00 -> r16 ($00->r16)
$02B3: $9300:  S: r16 -> [$0068] (r16->PCICR)
$02B4: $0068:  
-----          L: 
-----          L: 
$02B5: $B506:  F: p$26 -> r16 (TCNT0 -> r16)
$02B6: $5C02:  F: r16 - $C2 (r16 + Half_Bit_Width)
               C: if (r16 < Bit_Width) then goto $02BA ...
$02B7: $370C:     r16 = $7C
$02B8: $F008:     if ( < ) then goto $2BA
-----          L: 
$02B9: $570C:  F: r16 - $7C (r16 - Bit_Width)
-----          L: 
$02BA: $BD08:  F: r16 -> p$28 (r16 -> OCR0B)
-----          L: 
$02BB: $E020:  F: $00 -> r18 (0 -> UARTs_Rx_Count)
               F: -> SREG  ...
$02BC: $910F:     -> r16
$02BD: $BF0F:     r16 -> p$3F
$02BE: $910F:  F: -> r16 (-> r16)
$02BF: $9518:  F: RETI (RETI)
*********   D:\POE-Personal\FromGit\MultiSwitch\Firmwares\DC4_v2\STimer.alg    ***********
-----          V: _STimer_Event_End_1
-----          L: 
$02C0: $9508:  F: RET (RET)
-----          V: _STimer_Event_End_0
-----          L: 
$02C1: $D084:  F: rcall $346 (_r8_setAddress)
-----          L: 
$02C2: $D0B6:  F: rcall $379 (_r8_getAddress)
               C: if (r17 -= #b00000111) then goto $02D6 ...
$02C3: $3017:     r17 = $07
$02C4: $F489:     if (Z=0) then goto $2D6
               F: LOW -> [@PWM_Level + RELEY_0]  ...
$02C5: $E000:     $00 -> r16
$02C6: $9300:     r16 -> [$0100]
$02C7: $0100:  
               F: LOW -> [@PWM_Level + RELEY_1]  ...
$02C8: $9300:     r16 -> [$0101]
$02C9: $0101:  
               F: LOW -> [@PWM_Level + RELEY_2]  ...
$02CA: $9300:     r16 -> [$0102]
$02CB: $0102:  
               F: LOW -> [@PWM_Level + RELEY_3]  ...
$02CC: $9300:     r16 -> [$0103]
$02CD: $0103:  
               F: LOW -> [@PWM_Level + RELEY_4]  ...
$02CE: $9300:     r16 -> [$0104]
$02CF: $0104:  
               F: LOW -> [@PWM_Level + RELEY_5]  ...
$02D0: $9300:     r16 -> [$0105]
$02D1: $0105:  
               F: LOW -> [@PWM_Level + RELEY_6]  ...
$02D2: $9300:     r16 -> [$0106]
$02D3: $0106:  
               F: LOW -> [@PWM_Level + RELEY_7]  ...
$02D4: $9300:     r16 -> [$0107]
$02D5: $0107:  
-----          L: 
$02D6: $9508:  F: RET (RET)
-----          V: _STimer_Event_End_2
-----          L: 
$02D7: $9508:  F: RET (ret)
-----          V: _STimer_Clear_All
               F: Z ->  ...
$02D8: $93EF:     r30 ->
$02D9: $93FF:     r31 ->
               F: @STimer_Counter -> Z  ...
$02DA: $E6E0:     $60 -> r30
$02DB: $E0F1:     $01 -> r31
$02DC: $E021:  F: $01 -> r18 (STIMER_NUMB -> Temp)
$02DD: $E000:  F: $00 -> r16 (0 -> r16)
-----          L: 
$02DE: $9301:  F: r16 -> [Z++] (r16 -> [Z++])
               C: if (Temp --) then goto $02DE ...
$02DF: $952A:     r18 --
$02E0: $F7E9:     if (Z=0) then goto $2DE
               F: -> Z  ...
$02E1: $91FF:     -> r31
$02E2: $91EF:     -> r30
$02E3: $9508:  F: RET (ret)
-----          V: _STimer_Init
-----          L: 
$02E4: $9508:  F: RET (ret)
-----          V: _STimer_Cyclic_Call
$02E5: $9100:  F: [$0160] -> r16 (STimer_Counter[0]  -> r16)
$02E6: $0160:  
$02E7: $5001:  F: r16 - $01 (r16 - 1)
$02E8: $F020:  C: if (C=1) then goto $2ED (C = 1)
$02E9: $9300:  F: r16 -> [$0160] (r16 -> STimer_Counter[0])
$02EA: $0160:  
$02EB: $F409:  C: if (Z=0) then goto $2ED (-=)
$02EC: $DFD4:  F: rcall $2C1 (_STimer_Event_End_0)
-----          L: 
-----          L: 
-----          L: 
-----          L: 
-----          L: 
-----          L: 
-----          L: 
-----          L: 
-----          L: 
$02ED: $9508:  F: RET (ret)
*********   D:\POE-Personal\FromGit\MultiSwitch\Firmwares\DC4_v2\r8.alg    ***********
-----          V: _r8_init
$02EE: $9A5A:  F: 1 -> p$0B.2 (1 -> Port_addr_0)
$02EF: $9A59:  F: 1 -> p$0B.1 (1 -> Port_addr_1)
$02F0: $9A58:  F: 1 -> p$0B.0 (1 -> Port_addr_2)
-----          L: 
$02F1: $E004:  S: $04 -> r16 ($04->r16)
$02F2: $9300:  S: r16 -> [$0068] (r16->PCICR)
$02F3: $0068:  
$02F4: $E007:  S: $07 -> r16 ($07->r16)
$02F5: $9300:  S: r16 -> [$006D] (r16->PCMSK2)
$02F6: $006D:  
-----          L: 
$02F7: $9508:  F: RET (RET)
-----          V: _r8_parseData
               C: if (iic_type -= R8_TYPE_RELAY) then goto $02FD ...
$02F8: $9100:     [$0167] -> r16
$02F9: $0167:  
$02FA: $3001:     r16 = $01
$02FB: $F009:     if (Z=1) then goto $2FD
$02FC: $9508:  F: RET (RET)
-----          L: 
               C: if (iic_key.7 = 1) then goto $0317 ...
$02FD: $9100:     [$0168] -> r16
$02FE: $0168:  
$02FF: $FD07:     if (r16.7=0 then SKIP
$0300: $C016:     goto $317 (RJMP)
-----          L: 
$0301: $9100:  F: [$0168] -> r16 (iic_key -> r16)
$0302: $0168:  
$0303: $7007:  F: r16 & $07 (r16 & #b00000111)
               F: X ->  ...
$0304: $93AF:     r26 ->
$0305: $93BF:     r27 ->
               F: @PWM_Level -> X  ...
$0306: $E0A0:     $00 -> r26
$0307: $E0B1:     $01 -> r27
               F: X + r16  ...
$0308: $0FA0:     r26 + r16
$0309: $E010:     $00 -> r17
$030A: $1FB1:     r27 + r17 +
               C: if (iic_data-=0) then goto $0312 ...
$030B: $9100:     [$0169] -> r16
$030C: $0169:  
$030D: $3000:     r16 = $00
$030E: $F419:     if (Z=0) then goto $312
               F: LOW->[X]  ...
$030F: $E000:     $00 -> r16
$0310: $930C:     r16 -> [X]
$0311: $C002:  J: goto $314 (RJMP)
*********   D:\POE-Personal\FromGit\MultiSwitch\Firmwares\DC4_v2\main.alp    ***********
-----          L: 
               F: HIGH->[X]  ...
$0312: $EF0F:     $FF -> r16
$0313: $930C:     r16 -> [X]
-----          L: 
               F: -> X  ...
$0314: $91BF:     -> r27
$0315: $91AF:     -> r26
$0316: $9508:  F: RET (RET)
*********   D:\POE-Personal\FromGit\MultiSwitch\Firmwares\DC4_v2\r8.alg    ***********
-----          V: 
               C: if (iic_data -= 0) then goto $031C ...
$0317: $9100:     [$0169] -> r16
$0318: $0169:  
$0319: $3000:     r16 = $00
$031A: $F409:     if (Z=0) then goto $31C
$031B: $9508:  F: RET (RET)
-----          L: 
               C: if (iic_data -= 2) then goto $0332 ...
$031C: $9100:     [$0169] -> r16
$031D: $0169:  
$031E: $3002:     r16 = $02
$031F: $F491:     if (Z=0) then goto $332
               F: LOW -> [@PWM_Level + RELEY_0]  ...
$0320: $E000:     $00 -> r16
$0321: $9300:     r16 -> [$0100]
$0322: $0100:  
               F: LOW -> [@PWM_Level + RELEY_1]  ...
$0323: $9300:     r16 -> [$0101]
$0324: $0101:  
               F: LOW -> [@PWM_Level + RELEY_2]  ...
$0325: $9300:     r16 -> [$0102]
$0326: $0102:  
               F: LOW -> [@PWM_Level + RELEY_3]  ...
$0327: $9300:     r16 -> [$0103]
$0328: $0103:  
               F: LOW -> [@PWM_Level + RELEY_4]  ...
$0329: $9300:     r16 -> [$0104]
$032A: $0104:  
               F: LOW -> [@PWM_Level + RELEY_5]  ...
$032B: $9300:     r16 -> [$0105]
$032C: $0105:  
               F: LOW -> [@PWM_Level + RELEY_6]  ...
$032D: $9300:     r16 -> [$0106]
$032E: $0106:  
               F: LOW -> [@PWM_Level + RELEY_7]  ...
$032F: $9300:     r16 -> [$0107]
$0330: $0107:  
$0331: $9508:  F: RET (RET)
-----          L: 
               C: if (iic_data -= 1) then goto $0337 ...
$0332: $9100:     [$0169] -> r16
$0333: $0169:  
$0334: $3001:     r16 = $01
$0335: $F409:     if (Z=0) then goto $337
$0336: $9508:  F: RET (RET)
-----          L: 
$0337: $9508:  F: RET (RET)
-----          V: Pin_Change_2
$0338: $930F:  F: r16 -> (r16 ->)
$0339: $931F:  F: r17 -> (r17 ->)
               F: SREG ->  ...
$033A: $B70F:     p$3F -> r16
$033B: $930F:     r16 ->
-----          L: 
               F: 300/STIMER_PERIOD_CALL -> [@STimer_Counter + ADDRESS_CHANGE]  ...
$033C: $E10E:     $1E -> r16
$033D: $9300:     r16 -> [$0160]
$033E: $0160:  
               F: 300/STIMER_PERIOD_CALL -> [@STimer_Counter_Stop + ADDRESS_CHANGE]  ...
$033F: $9300:     r16 -> [$0161]
$0340: $0161:  
-----          L: 
               F: -> SREG  ...
$0341: $910F:     -> r16
$0342: $BF0F:     r16 -> p$3F
$0343: $911F:  F: -> r17 (-> r17)
$0344: $910F:  F: -> r16 (-> r16)
$0345: $9518:  F: RETI (RETI)
-----          V: _r8_setAddress
$0346: $EF1F:  F: $FF -> r17 (#b11111111 -> r17)
               F: Pin_addr_0 -> r17.1  ...
$0347: $B109:     p$09 -> r16
$0348: $FB02:     r16.2 -> T
$0349: $F911:     T -> r17.1
               F: Pin_addr_1 -> r17.2  ...
$034A: $B109:     p$09 -> r16
$034B: $FB01:     r16.1 -> T
$034C: $F912:     T -> r17.2
               F: Pin_addr_2 -> r17.3  ...
$034D: $B109:     p$09 -> r16
$034E: $FB00:     r16.0 -> T
$034F: $F913:     T -> r17.3
$0350: $9510:  F: | r17 (|r17)
$0351: $6210:  F: r17 ! $20 (r17 ! R8_OUTDEV_ADDRESS)
               C: if (r17 = R8_OUTDEV_ADDRESS) then goto $0355 ...
$0352: $3210:     r17 = $20
$0353: $F409:     if (Z=0) then goto $355
$0354: $E010:  F: $00 -> r17 (0 -> r17)
$0355: $9310:  F: r17 -> [$00BA] (r17 -> TWAR)
$0356: $00BA:  
$0357: $9508:  F: RET (RET)
-----          V: _r8_getData_
$0358: $930F:  F: r16 -> (r16 ->)
$0359: $EF1F:  F: $FF -> r17 (#b11111111 -> r17)
               F: Pin_addr_0 -> r17.4  ...
$035A: $B109:     p$09 -> r16
$035B: $FB02:     r16.2 -> T
$035C: $F914:     T -> r17.4
               F: Pin_addr_1 -> r17.5  ...
$035D: $B109:     p$09 -> r16
$035E: $FB01:     r16.1 -> T
$035F: $F915:     T -> r17.5
               F: Pin_addr_2 -> r17.6  ...
$0360: $B109:     p$09 -> r16
$0361: $FB00:     r16.0 -> T
$0362: $F916:     T -> r17.6
$0363: $9510:  F: | r17 (|r17)
$0364: $910F:  F: -> r16 (-> r16)
$0365: $2B10:  F: r17 ! r16 (r17 ! r16)
$0366: $9310:  F: r17 -> [$0164] (r17 -> r8_key)
$0367: $0164:  
-----          L: 
               F: X ->  ...
$0368: $93AF:     r26 ->
$0369: $93BF:     r27 ->
               F: @PWM_Level -> X  ...
$036A: $E0A0:     $00 -> r26
$036B: $E0B1:     $01 -> r27
               F: X + r16  ...
$036C: $0FA0:     r26 + r16
$036D: $E010:     $00 -> r17
$036E: $1FB1:     r27 + r17 +
$036F: $910C:  F: [X] -> r16 ([X] -> r16)
               F: -> X  ...
$0370: $91BF:     -> r27
$0371: $91AF:     -> r26
$0372: $E010:  F: $00 -> r17 (0 -> r17)
               C: if (r16 -= 0) then goto $0376 ...
$0373: $3000:     r16 = $00
$0374: $F009:     if (Z=1) then goto $376
$0375: $EF1F:  F: $FF -> r17 (255 -> r17)
$0376: $9310:  F: r17 -> [$0165] (r17 -> r8_data)
$0377: $0165:  
-----          L: 
$0378: $9508:  F: RET (RET)
-----          V: _r8_getAddress
$0379: $E010:  F: $00 -> r17 (0 -> r17)
               F: Pin_addr_0 -> r17.0  ...
$037A: $B109:     p$09 -> r16
$037B: $FB02:     r16.2 -> T
$037C: $F910:     T -> r17.0
               F: Pin_addr_1 -> r17.1  ...
$037D: $B109:     p$09 -> r16
$037E: $FB01:     r16.1 -> T
$037F: $F911:     T -> r17.1
               F: Pin_addr_2 -> r17.2  ...
$0380: $B109:     p$09 -> r16
$0381: $FB00:     r16.0 -> T
$0382: $F912:     T -> r17.2
$0383: $9508:  F: RET (RET)
-----          V: _r8_sendToBase
-----          L: 
-----          L: 
$0384: $D09B:  F: rcall $420 (_iic_start)
-----          L: 
$0385: $FD30:  C: if (r19.0=0 then SKIP (f_arbitrationLost = 1)
$0386: $C004:  C: goto $38B (RJMP) (f_arbitrationLost = 1)
               F: R8_BASEDEV_ADDRESS -> TWDR  ...
$0387: $E800:     $80 -> r16
$0388: $9300:     r16 -> [$00BB]
$0389: $00BB:  
$038A: $D0A5:  F: rcall $430 (_iic_send_)
*********   D:\POE-Personal\FromGit\MultiSwitch\Firmwares\DC4_v2\iic.alg    ***********
-----          L: 
*********   D:\POE-Personal\FromGit\MultiSwitch\Firmwares\DC4_v2\r8.alg    ***********
-----          L: 
$038B: $FD30:  C: if (r19.0=0 then SKIP (f_arbitrationLost = 1)
$038C: $C004:  C: goto $391 (RJMP) (f_arbitrationLost = 1)
               F: R8_TYPE_RELAY -> TWDR  ...
$038D: $E001:     $01 -> r16
$038E: $9300:     r16 -> [$00BB]
$038F: $00BB:  
$0390: $D09F:  F: rcall $430 (_iic_send_)
*********   D:\POE-Personal\FromGit\MultiSwitch\Firmwares\DC4_v2\iic.alg    ***********
-----          L: 
*********   D:\POE-Personal\FromGit\MultiSwitch\Firmwares\DC4_v2\r8.alg    ***********
-----          L: 
$0391: $FD30:  C: if (r19.0=0 then SKIP (f_arbitrationLost = 1)
$0392: $C005:  C: goto $398 (RJMP) (f_arbitrationLost = 1)
               F: r8_key -> TWDR  ...
$0393: $9100:     [$0164] -> r16
$0394: $0164:  
$0395: $9300:     r16 -> [$00BB]
$0396: $00BB:  
$0397: $D098:  F: rcall $430 (_iic_send_)
*********   D:\POE-Personal\FromGit\MultiSwitch\Firmwares\DC4_v2\iic.alg    ***********
-----          L: 
*********   D:\POE-Personal\FromGit\MultiSwitch\Firmwares\DC4_v2\r8.alg    ***********
-----          L: 
$0398: $FD30:  C: if (r19.0=0 then SKIP (f_arbitrationLost = 1)
$0399: $C005:  C: goto $39F (RJMP) (f_arbitrationLost = 1)
               F: r8_data -> TWDR  ...
$039A: $9100:     [$0165] -> r16
$039B: $0165:  
$039C: $9300:     r16 -> [$00BB]
$039D: $00BB:  
$039E: $D091:  F: rcall $430 (_iic_send_)
*********   D:\POE-Personal\FromGit\MultiSwitch\Firmwares\DC4_v2\iic.alg    ***********
-----          L: 
*********   D:\POE-Personal\FromGit\MultiSwitch\Firmwares\DC4_v2\r8.alg    ***********
-----          L: 
$039F: $D0A2:  F: rcall $442 (_iic_stop)
-----          L: 
$03A0: $FD30:  C: if (r19.0=0 then SKIP (f_arbitrationLost = 1)
$03A1: $CFE2:  C: goto $384 (RJMP) (f_arbitrationLost = 1)
$03A2: $9508:  F: RET (RET)
*********   D:\POE-Personal\FromGit\MultiSwitch\Firmwares\DC4_v2\iic.alg    ***********
-----          V: TWI_Finished
$03A3: $930F:  F: r16 -> (r16 ->)
$03A4: $931F:  F: r17 -> (r17 ->)
               F: SREG ->  ...
$03A5: $B70F:     p$3F -> r16
$03A6: $930F:     r16 ->
-----          L: 
$03A7: $9140:  F: [$00B9] -> r20 (TWSR -> iic_status)
$03A8: $00B9:  
$03A9: $7F48:  F: r20 & $F8 (iic_status & $F8)
-----          L: 
-----          L: 
-----          L: 
               C: if (iic_status -= SR_SLA_ACK) then goto $03BE ...
$03AA: $3640:     r20 = $60
$03AB: $F491:     if (Z=0) then goto $3BE
-----          L: 
$03AC: $EC05:  S: $C5 -> r16 ($C5->r16)
$03AD: $9300:  S: r16 -> [$00BC] (r16->TWCR)
$03AE: $00BC:  
               F: X ->  ...
$03AF: $93AF:     r26 ->
$03B0: $93BF:     r27 ->
               F: @iic_pac -> X  ...
$03B1: $E6A7:     $67 -> r26
$03B2: $E0B1:     $01 -> r27
$03B3: $E000:  F: $00 -> r16 (0 -> r16)
$03B4: $E013:  F: $03 -> r17 (IIC_PAC_SIZE -> r17)
-----          L: 
$03B5: $930D:  F: r16 -> [X++] (r16 -> [X++])
               C: if (r17--) then goto $03B5 ...
$03B6: $951A:     r17 --
$03B7: $F7E9:     if (Z=0) then goto $3B5
               F: -> X  ...
$03B8: $91BF:     -> r27
$03B9: $91AF:     -> r26
               F: 0 -> iic_pacCounter  ...
$03BA: $E000:     $00 -> r16
$03BB: $9300:     r16 -> [$0166]
$03BC: $0166:  
$03BD: $C04E:  J: goto $40C (RJMP)
-----          L: 
-----          L: 
               C: if (iic_status -= SR_DATA_ACK) then goto $03DD ...
$03BE: $3840:     r20 = $80
$03BF: $F4E9:     if (Z=0) then goto $3DD
-----          L: 
               F: X ->  ...
$03C0: $93AF:     r26 ->
$03C1: $93BF:     r27 ->
               F: @iic_pac -> X  ...
$03C2: $E6A7:     $67 -> r26
$03C3: $E0B1:     $01 -> r27
               F: X + iic_pacCounter  ...
$03C4: $9110:     [$0166] -> r17
$03C5: $0166:  
$03C6: $0FA1:     r26 + r17
$03C7: $E010:     $00 -> r17
$03C8: $1FB1:     r27 + r17 +
               F: TWDR -> [X]  ...
$03C9: $9100:     [$00BB] -> r16
$03CA: $00BB:  
$03CB: $930C:     r16 -> [X]
               F: -> X  ...
$03CC: $91BF:     -> r27
$03CD: $91AF:     -> r26
-----          L: 
               F: iic_pacCounter++  ...
$03CE: $9100:     [$0166] -> r16
$03CF: $0166:  
$03D0: $9503:     r16 ++
$03D1: $9300:     r16 -> [$0166]
$03D2: $0166:  
               C: if (r16 < IIC_PAC_SIZE-1) then goto $03D9 ...
$03D3: $3002:     r16 = $02
$03D4: $F020:     if ( < ) then goto $3D9
$03D5: $E805:  S: $85 -> r16 ($85->r16)
$03D6: $9300:  S: r16 -> [$00BC] (r16->TWCR)
$03D7: $00BC:  
$03D8: $C033:  J: goto $40C (RJMP)
-----          L: 
$03D9: $EC05:  S: $C5 -> r16 ($C5->r16)
$03DA: $9300:  S: r16 -> [$00BC] (r16->TWCR)
$03DB: $00BC:  
$03DC: $C02F:  J: goto $40C (RJMP)
-----          L: 
-----          L: 
               C: if (iic_status -= SR_DATA_NACK) then goto $03F2 ...
$03DD: $3848:     r20 = $88
$03DE: $F499:     if (Z=0) then goto $3F2
-----          L: 
               F: X ->  ...
$03DF: $93AF:     r26 ->
$03E0: $93BF:     r27 ->
               F: @iic_pac -> X  ...
$03E1: $E6A7:     $67 -> r26
$03E2: $E0B1:     $01 -> r27
               F: X + iic_pacCounter  ...
$03E3: $9110:     [$0166] -> r17
$03E4: $0166:  
$03E5: $0FA1:     r26 + r17
$03E6: $E010:     $00 -> r17
$03E7: $1FB1:     r27 + r17 +
               F: TWDR -> [X]  ...
$03E8: $9100:     [$00BB] -> r16
$03E9: $00BB:  
$03EA: $930C:     r16 -> [X]
               F: -> X  ...
$03EB: $91BF:     -> r27
$03EC: $91AF:     -> r26
-----          L: 
$03ED: $DF0A:  F: rcall $2F8 (_r8_parseData)
-----          L: 
$03EE: $EC05:  S: $C5 -> r16 ($C5->r16)
$03EF: $9300:  S: r16 -> [$00BC] (r16->TWCR)
$03F0: $00BC:  
$03F1: $C01A:  J: goto $40C (RJMP)
-----          L: 
-----          L: 
               C: if (iic_status -= SR_START) then goto $03FA ...
$03F2: $3A40:     r20 = $A0
$03F3: $F431:     if (Z=0) then goto $3FA
$03F4: $EC05:  S: $C5 -> r16 ($C5->r16)
$03F5: $9300:  S: r16 -> [$00BC] (r16->TWCR)
$03F6: $00BC:  
$03F7: $6031:  F: r19 ! $01 (1 -> f_arbitrationLost)
$03F8: $E348:  F: $38 -> r20 (MT_ATRIB_LOST -> iic_status)
$03F9: $C012:  J: goto $40C (RJMP)
-----          L: 
-----          L: 
               C: if (iic_status -= ERROR) then goto $0402 ...
$03FA: $3040:     r20 = $00
$03FB: $F431:     if (Z=0) then goto $402
$03FC: $ED05:  S: $D5 -> r16 ($D5->r16)
$03FD: $9300:  S: r16 -> [$00BC] (r16->TWCR)
$03FE: $00BC:  
$03FF: $6031:  F: r19 ! $01 (1 -> f_arbitrationLost)
$0400: $E348:  F: $38 -> r20 (MT_ATRIB_LOST -> iic_status)
$0401: $C00A:  J: goto $40C (RJMP)
-----          L: 
-----          L: 
               C: if (iic_status -= MT_ATRIB_LOST) then goto $0409 ...
$0402: $3348:     r20 = $38
$0403: $F429:     if (Z=0) then goto $409
$0404: $EC05:  S: $C5 -> r16 ($C5->r16)
$0405: $9300:  S: r16 -> [$00BC] (r16->TWCR)
$0406: $00BC:  
$0407: $6031:  F: r19 ! $01 (1 -> f_arbitrationLost)
$0408: $E348:  F: $38 -> r20 (MT_ATRIB_LOST -> iic_status)
-----          L: 
-----          L: 
$0409: $E004:  S: $04 -> r16 ($04->r16)
$040A: $9300:  S: r16 -> [$00BC] (r16->TWCR)
$040B: $00BC:  
-----          L: 
-----          L: _END_TWI_Finished
               F: -> SREG  ...
$040C: $910F:     -> r16
$040D: $BF0F:     r16 -> p$3F
$040E: $911F:  F: -> r17 (-> r17)
$040F: $910F:  F: -> r16 (-> r16)
$0410: $9518:  F: RETI (RETI)
-----          V: _iic_init
$0411: $9A45:  F: 1 -> p$08.5 (1 -> PortC.5)
$0412: $9A44:  F: 1 -> p$08.4 (1 -> PortC.4)
-----          L: 
$0413: $E000:  S: $00 -> r16 ($00->r16)
$0414: $9300:  S: r16 -> [$00B9] (r16->TWSR)
$0415: $00B9:  
$0416: $E00C:  S: $0C -> r16 ($0C->r16)
$0417: $9300:  S: r16 -> [$00B8] (r16->TWBR)
$0418: $00B8:  
$0419: $E202:  S: $22 -> r16 ($22->r16)
$041A: $9300:  S: r16 -> [$00BA] (r16->TWAR)
$041B: $00BA:  
$041C: $E405:  S: $45 -> r16 ($45->r16)
$041D: $9300:  S: r16 -> [$00BC] (r16->TWCR)
$041E: $00BC:  
-----          L: 
$041F: $9508:  F: RET (RET)
-----          V: _iic_start
$0420: $FD30:  C: if (r19.0=0 then SKIP (f_arbitrationLost = 1)
$0421: $9508:  F: RET (RET)
$0422: $94F8:  F: 0 -> I (0 -> I)
$0423: $EF48:  F: $F8 -> r20 (NO_INFO -> iic_status)
$0424: $EE05:  S: $E5 -> r16 ($E5->r16)
$0425: $9300:  S: r16 -> [$00BC] (r16->TWCR)
$0426: $00BC:  
$0427: $9478:  F: 1 -> I (1 -> I)
-----          L: 
-----          L: 
$0428: $FD30:  C: if (r19.0=0 then SKIP (f_arbitrationLost = 1)
$0429: $C005:  C: goto $42F (RJMP) (f_arbitrationLost = 1)
-----          L: 
               C: if (iic_status = START) then goto $042F ...
$042A: $3048:     r20 = $08
$042B: $F019:     if (Z=1) then goto $42F
               C: if (iic_status = RSTART) then goto $042F ...
$042C: $3140:     r20 = $10
$042D: $F009:     if (Z=1) then goto $42F
$042E: $CFF9:  J: goto $428 (RJMP)
-----          L: 
-----          L: 
$042F: $9508:  F: RET (RET)
-----          V: _iic_send_
$0430: $94F8:  F: 0 -> I (0 -> I)
$0431: $EF48:  F: $F8 -> r20 (NO_INFO -> iic_status)
$0432: $EC05:  S: $C5 -> r16 ($C5->r16)
$0433: $9300:  S: r16 -> [$00BC] (r16->TWCR)
$0434: $00BC:  
$0435: $9478:  F: 1 -> I (1 -> I)
-----          L: 
-----          L: 
$0436: $FD30:  C: if (r19.0=0 then SKIP (f_arbitrationLost = 1)
$0437: $C009:  C: goto $441 (RJMP) (f_arbitrationLost = 1)
-----          L: 
               C: if (iic_status = MT_SLA_ACK) then goto $0441 ...
$0438: $3148:     r20 = $18
$0439: $F039:     if (Z=1) then goto $441
               C: if (iic_status = MT_SLA_NACK) then goto $0441 ...
$043A: $3240:     r20 = $20
$043B: $F029:     if (Z=1) then goto $441
               C: if (iic_status = MT_DATA_ACK) then goto $0441 ...
$043C: $3248:     r20 = $28
$043D: $F019:     if (Z=1) then goto $441
               C: if (iic_status = MT_DATA_NACK) then goto $0441 ...
$043E: $3340:     r20 = $30
$043F: $F009:     if (Z=1) then goto $441
$0440: $CFF5:  J: goto $436 (RJMP)
-----          L: 
-----          L: 
$0441: $9508:  F: RET (RET)
-----          V: _iic_stop
$0442: $FD30:  C: if (r19.0=0 then SKIP (f_arbitrationLost = 1)
$0443: $9508:  F: RET (RET)
*********   D:\POE-Personal\FromGit\MultiSwitch\Firmwares\DC4_v2\Wait.alg    ***********
-----          L: 
               F: (10*CPU_Clock_Frequency/1000000-2)/4 -> r16:Word  ...
$0444: $E103:     $13 -> r16
$0445: $E010:     $00 -> r17
-----          L: 
               C: if (r16:Word --) then goto $0446 ...
$0446: $5001:     r16 - $01
$0447: $4010:     r17 - $00 -
$0448: $F7E9:     if (Z=0) then goto $446
$0449: $0000:  F: NOP (NOP)
-----          L: 
-----          L: 
-----          L: 
$044A: $0000:  F: NOP (NOP)
-----          L: 
$044B: $0000:  F: NOP (NOP)
-----          L: 
$044C: $94F8:  F: 0 -> I (0 -> I)
$044D: $EF48:  F: $F8 -> r20 (NO_INFO -> iic_status)
$044E: $ED05:  S: $D5 -> r16 ($D5->r16)
$044F: $9300:  S: r16 -> [$00BC] (r16->TWCR)
$0450: $00BC:  
$0451: $9478:  F: 1 -> I (1 -> I)
-----          L: 
               F: (10*CPU_Clock_Frequency/1000000-2)/4 -> r16:Word  ...
$0452: $E103:     $13 -> r16
$0453: $E010:     $00 -> r17
-----          L: 
               C: if (r16:Word --) then goto $0454 ...
$0454: $5001:     r16 - $01
$0455: $4010:     r17 - $00 -
$0456: $F7E9:     if (Z=0) then goto $454
$0457: $0000:  F: NOP (NOP)
-----          L: 
-----          L: 
-----          L: 
$0458: $0000:  F: NOP (NOP)
-----          L: 
$0459: $0000:  F: NOP (NOP)
-----          L: 
*********   D:\POE-Personal\FromGit\MultiSwitch\Firmwares\DC4_v2\iic.alg    ***********
-----          L: 
$045A: $9508:  F: RET (RET)
*********   D:\POE-Personal\FromGit\MultiSwitch\Firmwares\DC4_v2\main.alp    ***********
-----          V: Reset
$045B: $EF0F:  S: $FF -> r16 ($FF->r16)
$045C: $BF0D:  S: r16 -> p$3D (r16->p61)
$045D: $E002:  S: $02 -> r16 ($02->r16)
$045E: $BF0E:  S: r16 -> p$3E (r16->p62)
-----          L: 
$045F: $9100:  S: [$0060] -> r16 (WDTCSR->r16)
$0460: $0060:  
$0461: $6108:  S: r16 ! $18 (r16 ! $18)
$0462: $9300:  S: r16 -> [$0060] (r16->WDTCSR)
$0463: $0060:  
$0464: $E00E:  S: $0E -> r16 ($0E->r16)
$0465: $9300:  S: r16 -> [$0060] (r16->WDTCSR)
$0466: $0060:  
$0467: $95A8:  S: WDR (WDR)
-----          L: 
               F: 100-1 -> r16:Word  ...
$0468: $E603:     $63 -> r16
$0469: $E010:     $00 -> r17
$046A: $DBAF:  F: rcall $1A (_Wait_ms_)
*********   D:\POE-Personal\FromGit\MultiSwitch\Firmwares\DC4_v2\Wait.alg    ***********
-----          L: 
*********   D:\POE-Personal\FromGit\MultiSwitch\Firmwares\DC4_v2\main.alp    ***********
-----          L: 
               F: SRAM_Org -> Z  ...
$046B: $E0E0:     $00 -> r30
$046C: $E0F1:     $01 -> r31
$046D: $E000:  F: $00 -> r16 (0 -> r16)
-----          L: 
$046E: $9301:  F: r16 -> [Z++] (r16 -> [Z++])
               C: if (Z -= SRAM_Size) then goto $046E ...
$046F: $30E0:     r30 = $00
$0470: $E013:     $03 -> r17
$0471: $07F1:     r31 = r17=
$0472: $F7D9:     if (Z=0) then goto $46E
-----          L: 
               F: 30 -> Z  ...
$0473: $E1EE:     $1E -> r30
$0474: $E0F0:     $00 -> r31
-----          L: 
$0475: $95EA:  F: r30 -- (ZL --)
$0476: $8300:  F: r16 -> [Z] (r16 -> [Z])
$0477: $F7E9:  C: if (Z=0) then goto $475 (-=)
-----          L: 
-----          L: 
$0478: $2733:  F: ^ r19 (^Flags)
-----          L: 
-----          L: 
$0479: $DBC1:  F: rcall $3B (_PWM_Init)
-----          L: 
-----          L: 
-----          L: 
-----          L: 
$047A: $DC38:  F: rcall $B3 (_EX_Key_Init)
-----          L: 
-----          L: 
$047B: $DD46:  F: rcall $1C2 (_UARTs_Init)
-----          L: 
$047C: $DE67:  F: rcall $2E4 (_STimer_Init)
-----          L: 
-----          L: 
-----          L: 
-----          L: 
-----          L: 
-----          L: 
-----          L: 
-----          L: 
-----          L: 
-----          L: 
-----          L: 
-----          L: 
-----          L: 
-----          L: 
-----          L: 
-----          L: 
$047D: $DE70:  F: rcall $2EE (_r8_init)
-----          L: 
$047E: $DF92:  F: rcall $411 (_iic_init)
-----          L: 
-----          L: 
-----          L: 
-----          L: 
-----          L: 
$047F: $9478:  F: 1 -> I (1 -> I)
-----          L: 
*********   D:\POE-Personal\FromGit\MultiSwitch\Firmwares\DC4_v2\Programm.alg    ***********
-----          L: 
-----          L: 
-----          L: 
-----          L: 
               F: 300/STIMER_PERIOD_CALL -> [@STimer_Counter + ADDRESS_CHANGE]  ...
$0480: $E10E:     $1E -> r16
$0481: $9300:     r16 -> [$0160]
$0482: $0160:  
               F: 300/STIMER_PERIOD_CALL -> [@STimer_Counter_Stop + ADDRESS_CHANGE]  ...
$0483: $9300:     r16 -> [$0161]
$0484: $0161:  
*********   D:\POE-Personal\FromGit\MultiSwitch\Firmwares\DC4_v2\Wait.alg    ***********
-----          L: 
               F: (500*CPU_Clock_Frequency/1000000-2)/4 -> r16:Word  ...
$0485: $EE07:     $E7 -> r16
$0486: $E013:     $03 -> r17
-----          L: 
               C: if (r16:Word --) then goto $0487 ...
$0487: $5001:     r16 - $01
$0488: $4010:     r17 - $00 -
$0489: $F7E9:     if (Z=0) then goto $487
$048A: $0000:  F: NOP (NOP)
-----          L: 
-----          L: 
-----          L: 
$048B: $0000:  F: NOP (NOP)
-----          L: 
$048C: $0000:  F: NOP (NOP)
-----          L: 
*********   D:\POE-Personal\FromGit\MultiSwitch\Firmwares\DC4_v2\Programm.alg    ***********
-----          L: 
               F: LOW -> [@PWM_Level + RELEY_0]  ...
$048D: $E000:     $00 -> r16
$048E: $9300:     r16 -> [$0100]
$048F: $0100:  
               F: LOW -> [@PWM_Level + RELEY_1]  ...
$0490: $9300:     r16 -> [$0101]
$0491: $0101:  
               F: LOW -> [@PWM_Level + RELEY_2]  ...
$0492: $9300:     r16 -> [$0102]
$0493: $0102:  
               F: LOW -> [@PWM_Level + RELEY_3]  ...
$0494: $9300:     r16 -> [$0103]
$0495: $0103:  
               F: LOW -> [@PWM_Level + RELEY_4]  ...
$0496: $9300:     r16 -> [$0104]
$0497: $0104:  
               F: LOW -> [@PWM_Level + RELEY_5]  ...
$0498: $9300:     r16 -> [$0105]
$0499: $0105:  
               F: LOW -> [@PWM_Level + RELEY_6]  ...
$049A: $9300:     r16 -> [$0106]
$049B: $0106:  
               F: LOW -> [@PWM_Level + RELEY_7]  ...
$049C: $9300:     r16 -> [$0107]
$049D: $0107:  
-----          L: 
-----          L: 
-----          L: 
-----          L: 
$049E: $FF50:  C: if (r21.0=1 then SKIP (r8_status.0 = 0)
$049F: $C004:  C: goto $4A4 (RJMP) (r8_status.0 = 0)
$04A0: $E000:  F: $00 -> r16 (0 -> r16)
$04A1: $DEB6:  F: rcall $358 (_r8_getData_)
$04A2: $DEE1:  F: rcall $384 (_r8_sendToBase)
$04A3: $7F5E:  F: r21 & $FE (0 -> r8_status.0)
-----          L: 
$04A4: $0000:  F: NOP (NOP)
-----          L: 
$04A5: $FF51:  C: if (r21.1=1 then SKIP (r8_status.1 = 0)
$04A6: $C004:  C: goto $4AB (RJMP) (r8_status.1 = 0)
$04A7: $E001:  F: $01 -> r16 (1 -> r16)
$04A8: $DEAF:  F: rcall $358 (_r8_getData_)
$04A9: $DEDA:  F: rcall $384 (_r8_sendToBase)
$04AA: $7F5D:  F: r21 & $FD (0 -> r8_status.1)
-----          L: 
$04AB: $0000:  F: NOP (NOP)
-----          L: 
$04AC: $FF52:  C: if (r21.2=1 then SKIP (r8_status.2 = 0)
$04AD: $C004:  C: goto $4B2 (RJMP) (r8_status.2 = 0)
$04AE: $E002:  F: $02 -> r16 (2 -> r16)
$04AF: $DEA8:  F: rcall $358 (_r8_getData_)
$04B0: $DED3:  F: rcall $384 (_r8_sendToBase)
$04B1: $7F5B:  F: r21 & $FB (0 -> r8_status.2)
-----          L: 
$04B2: $0000:  F: NOP (NOP)
-----          L: 
$04B3: $FF53:  C: if (r21.3=1 then SKIP (r8_status.3 = 0)
$04B4: $C004:  C: goto $4B9 (RJMP) (r8_status.3 = 0)
$04B5: $E003:  F: $03 -> r16 (3 -> r16)
$04B6: $DEA1:  F: rcall $358 (_r8_getData_)
$04B7: $DECC:  F: rcall $384 (_r8_sendToBase)
$04B8: $7F57:  F: r21 & $F7 (0 -> r8_status.3)
-----          L: 
$04B9: $0000:  F: NOP (NOP)
-----          L: 
$04BA: $FF54:  C: if (r21.4=1 then SKIP (r8_status.4 = 0)
$04BB: $C004:  C: goto $4C0 (RJMP) (r8_status.4 = 0)
$04BC: $E004:  F: $04 -> r16 (4 -> r16)
$04BD: $DE9A:  F: rcall $358 (_r8_getData_)
$04BE: $DEC5:  F: rcall $384 (_r8_sendToBase)
$04BF: $7E5F:  F: r21 & $EF (0 -> r8_status.4)
-----          L: 
$04C0: $0000:  F: NOP (NOP)
-----          L: 
$04C1: $FF55:  C: if (r21.5=1 then SKIP (r8_status.5 = 0)
$04C2: $C004:  C: goto $4C7 (RJMP) (r8_status.5 = 0)
$04C3: $E005:  F: $05 -> r16 (5 -> r16)
$04C4: $DE93:  F: rcall $358 (_r8_getData_)
$04C5: $DEBE:  F: rcall $384 (_r8_sendToBase)
$04C6: $7D5F:  F: r21 & $DF (0 -> r8_status.5)
-----          L: 
$04C7: $0000:  F: NOP (NOP)
-----          L: 
$04C8: $FF56:  C: if (r21.6=1 then SKIP (r8_status.6 = 0)
$04C9: $C004:  C: goto $4CE (RJMP) (r8_status.6 = 0)
$04CA: $E006:  F: $06 -> r16 (6 -> r16)
$04CB: $DE8C:  F: rcall $358 (_r8_getData_)
$04CC: $DEB7:  F: rcall $384 (_r8_sendToBase)
$04CD: $7B5F:  F: r21 & $BF (0 -> r8_status.6)
-----          L: 
$04CE: $0000:  F: NOP (NOP)
-----          L: 
$04CF: $FF57:  C: if (r21.7=1 then SKIP (r8_status.7 = 0)
$04D0: $C004:  C: goto $4D5 (RJMP) (r8_status.7 = 0)
$04D1: $E007:  F: $07 -> r16 (7 -> r16)
$04D2: $DE85:  F: rcall $358 (_r8_getData_)
$04D3: $DEB0:  F: rcall $384 (_r8_sendToBase)
$04D4: $775F:  F: r21 & $7F (0 -> r8_status.7)
-----          L: 
$04D5: $0000:  F: NOP (NOP)
-----          L: 
$04D6: $95A8:  F: WDR (WDR)
-----          L: 
$04D7: $CFC6:  J: goto $49E (RJMP)
*********   D:\POE-Personal\FromGit\MultiSwitch\Firmwares\DC4_v2\main.alp    ***********
-----          L: 
-----          L: 
-----          L: 
$04D8: $CFFF:  J: goto $4D8 (RJMP)
